<?xml version="1.0" encoding="UTF-8"?>
<testsuite xmlns:xsi="http://www.w3.org/2001/XMLSchema-instance" xsi:noNamespaceSchemaLocation="https://maven.apache.org/surefire/maven-surefire-plugin/xsd/surefire-test-report.xsd" name="buildingProject.map_configs.CustomMapperConfigEtoDTOTest" time="22.561" tests="10" errors="0" skipped="0" failures="0">
  <properties>
[...]
</properties>
  <testcase name="bedroomEntityToDTO" classname="buildingProject.map_configs.CustomMapperConfigEtoDTOTest" time="0.917"/>
  <testcase name="electricityBill" classname="buildingProject.map_configs.CustomMapperConfigEtoDTOTest" time="0.543"/>
  <testcase name="studioEntityToDTO" classname="buildingProject.map_configs.CustomMapperConfigEtoDTOTest" time="0.386"/>
  <testcase name="contractEntityToDTO" classname="buildingProject.map_configs.CustomMapperConfigEtoDTOTest" time="0.278"/>
  <testcase name="appartmentEntityToDTO" classname="buildingProject.map_configs.CustomMapperConfigEtoDTOTest" time="0.373"/>
  <testcase name="levelEntityToDTO" classname="buildingProject.map_configs.CustomMapperConfigEtoDTOTest" time="0.044"/>
  <testcase name="buildingEntityToDTO" classname="buildingProject.map_configs.CustomMapperConfigEtoDTOTest" time="0.197"/>
  <testcase name="waterBill" classname="buildingProject.map_configs.CustomMapperConfigEtoDTOTest" time="0.377"/>
  <testcase name="personEntityToDTO" classname="buildingProject.map_configs.CustomMapperConfigEtoDTOTest" time="0.303"/>
  <testcase name="roomEntityToDto" classname="buildingProject.map_configs.CustomMapperConfigEtoDTOTest" time="0.213"/>
</testsuite>